mkdir bin
mkdir: cannot create directory 'bin': File exists
makefile:13: recipe for target 'bin/isystemx86.img' failed
make: [bin/isystemx86.img] Error 1 (ignored)
cd apps/basic && make
make[1]: Entering directory '/root/Projects/ISystem/isystemx86/apps/basic'
make[1]: 'bin/basic.bin' is up to date.
make[1]: Leaving directory '/root/Projects/ISystem/isystemx86/apps/basic'
cd apps/edit && make
make[1]: Entering directory '/root/Projects/ISystem/isystemx86/apps/edit'
make[1]: 'bin/edit.bin' is up to date.
make[1]: Leaving directory '/root/Projects/ISystem/isystemx86/apps/edit'
cd apps/paint && make
make[1]: Entering directory '/root/Projects/ISystem/isystemx86/apps/paint'
make[1]: 'bin/paint.bin' is up to date.
make[1]: Leaving directory '/root/Projects/ISystem/isystemx86/apps/paint'
tools/diskmaker/bin/diskmaker boot/bin/boot.bin kernelldr/bin/kernelldrtm.bin kernel/bin/kernel.bin bin/isystemx86.vhd isystemx86.dm vhd
Format VA is OK
Make directory 'isystem' in 'VA:/'
Make directory 'kernelldrs' in 'VA:/isystem/'
Make file 'kernelldrtm.bin' in 'VA:/isystem/kernelldrs/'
Write file 'kernelldr/bin/kernelldrtm.bin' to 'VA:/isystem/kernelldrs/kernelldrtm.bin'
Make file 'kernelldrgm_640_480.bin' in 'VA:/isystem/kernelldrs/'
Write file 'kernelldr/bin/kernelldrgm_640_480.bin' to 'VA:/isystem/kernelldrs/kernelldrgm_640_480.bin'
Make file 'kernelldrgm_800_600.bin' in 'VA:/isystem/kernelldrs/'
Write file 'kernelldr/bin/kernelldrgm_800_600.bin' to 'VA:/isystem/kernelldrs/kernelldrgm_800_600.bin'
Make file 'kernelldrgm_1024_768.bin' in 'VA:/isystem/kernelldrs/'
Write file 'kernelldr/bin/kernelldrgm_1024_768.bin' to 'VA:/isystem/kernelldrs/kernelldrgm_1024_768.bin'
Make file 'kernelldrgm_1280_1024.bin' in 'VA:/isystem/kernelldrs/'
Write file 'kernelldr/bin/kernelldrgm_1280_1024.bin' to 'VA:/isystem/kernelldrs/kernelldrgm_1280_1024.bin'
Make directory 'bins' in 'VA:/isystem/'
Make file 'basic' in 'VA:/isystem/bins/'
Write file 'apps/basic/bin/basic.bin' to 'VA:/isystem/bins/basic'
Make file 'edit' in 'VA:/isystem/bins/'
Write file 'apps/edit/bin/edit.bin' to 'VA:/isystem/bins/edit'
Make file 'paint' in 'VA:/isystem/bins/'
Write file 'apps/paint/bin/paint.bin' to 'VA:/isystem/bins/paint'
Make directory 'dumps' in 'VA:/isystem/'
Make directory 'datas' in 'VA:/isystem/'
Make directory 'resources' in 'VA:/isystem/'
Make directory 'images' in 'VA:/isystem/resources/'
Make file 'pointer.img0' in 'VA:/isystem/resources/images/'
Write file 'isystem/resources/images/pointer.img0' to 'VA:/isystem/resources/images/pointer.img0'
Make file 'bg_640_480.img0' in 'VA:/isystem/resources/images/'
Write file 'isystem/resources/images/bg_640_480.img0' to 'VA:/isystem/resources/images/bg_640_480.img0'
Make file 'bg_800_600.img0' in 'VA:/isystem/resources/images/'
Write file 'isystem/resources/images/bg_800_600.img0' to 'VA:/isystem/resources/images/bg_800_600.img0'
Make file 'bg_1024_768.img0' in 'VA:/isystem/resources/images/'
Write file 'isystem/resources/images/bg_1024_768.img0' to 'VA:/isystem/resources/images/bg_1024_768.img0'
Make file 'bg_1280_1024.img0' in 'VA:/isystem/resources/images/'
Write file 'isystem/resources/images/bg_1280_1024.img0' to 'VA:/isystem/resources/images/bg_1280_1024.img0'
Make file 'close_button_ns.img0' in 'VA:/isystem/resources/images/'
Write file 'isystem/resources/images/close_button_ns.img0' to 'VA:/isystem/resources/images/close_button_ns.img0'
Make file 'close_button_s.img0' in 'VA:/isystem/resources/images/'
Write file 'isystem/resources/images/close_button_s.img0' to 'VA:/isystem/resources/images/close_button_s.img0'
Make file 'hidden_button_ns.img0' in 'VA:/isystem/resources/images/'
Write file 'isystem/resources/images/hidden_button_ns.img0' to 'VA:/isystem/resources/images/hidden_button_ns.img0'
Make file 'hidden_button_s.img0' in 'VA:/isystem/resources/images/'
Write file 'isystem/resources/images/hidden_button_s.img0' to 'VA:/isystem/resources/images/hidden_button_s.img0'
Make directory 'fonts' in 'VA:/isystem/'
Make file 'default.ef' in 'VA:/isystem/fonts/'
Write file 'isystem/fonts/default.ef' to 'VA:/isystem/fonts/default.ef'
Make directory 'flags' in 'VA:/isystem/'
Make file 'cfs.flg' in 'VA:/isystem/flags/'
Write file 'isystem/flags/cfs.flg' to 'VA:/isystem/flags/cfs.flg'
Make file 'init.bat' in 'VA:/isystem/'
Write file 'isystem/init.bat' to 'VA:/isystem/init.bat'
Make file 'help.txt' in 'VA:/isystem/'
Write file 'isystem/help.txt' to 'VA:/isystem/help.txt'
